<?xml version="1.0" encoding="UTF-8"?>
<!-- Generated by org.testng.reporters.JUnitReportReporter -->
<testsuite hostname="Shree" failures="0" tests="4" name="TestCases.DashBoardPageTest" time="46.304" errors="0" timestamp="2022-08-16T11:51:52 IST" skipped="0">
  <testcase classname="TestCases.DashBoardPageTest" name="verifynicknametextTest" time="14.193"/>
  <testcase classname="TestCases.DashBoardPageTest" name="verifynicknametextTest" time="8.423"/>
  <testcase classname="TestCases.DashBoardPageTest" name="verifyongcsharebuyTest" time="15.157"/>
  <testcase classname="TestCases.DashBoardPageTest" name="verifynoticeparagraphTest" time="8.531"/>
</testsuite> <!-- TestCases.DashBoardPageTest -->
